<?xml version="1.0" encoding="UTF-8"?>
<!-- Generated by org.testng.reporters.JUnitReportReporter -->
<testsuite skipped="0" hostname="USER-PC" name="com.Testcases.TC_02_Login" tests="1" failures="0" timestamp="03 Apr 2018 07:35:12 GMT" time="1.405" errors="0">
  <testcase name="login1" time="1.405" classname="com.Testcases.TC_02_Login"/>
</testsuite> <!-- com.Testcases.TC_02_Login -->
