<?xml version="1.0" encoding="UTF-8"?>
<!-- Generated by org.testng.reporters.JUnitReportReporter -->
<testsuite skipped="0" hostname="USER-PC" name="com.Testcases.Excel" tests="1" failures="0" timestamp="12 Apr 2018 03:52:03 GMT" time="0.000" errors="0">
  <testcase name="excel" time="0.000" classname="com.Testcases.Excel"/>
</testsuite> <!-- com.Testcases.Excel -->
