<?xml version="1.0" encoding="UTF-8"?>
<!-- Generated by org.testng.reporters.JUnitReportReporter -->
<testsuite skipped="0" hostname="USER-PC" name="com.Testcases.Notepadwriter" tests="1" failures="0" timestamp="12 Apr 2018 06:03:08 GMT" time="5.235" errors="0">
  <testcase name="excel" time="5.235" classname="com.Testcases.Notepadwriter"/>
</testsuite> <!-- com.Testcases.Notepadwriter -->
