<?xml version="1.0" encoding="UTF-8"?>
<!-- Generated by org.testng.reporters.JUnitReportReporter -->
<testsuite skipped="0" hostname="USER-PC" name="com.Testcases.read" tests="1" failures="0" timestamp="12 Apr 2018 04:00:32 GMT" time="0.031" errors="0">
  <testcase name="read" time="0.031" classname="com.Testcases.read"/>
</testsuite> <!-- com.Testcases.read -->
