<?xml version="1.0" encoding="UTF-8"?>
<!-- Generated by org.testng.reporters.JUnitReportReporter -->
<testsuite skipped="0" hostname="USER-PC" name="com.Testcases.Notepadread" tests="1" failures="0" timestamp="12 Apr 2018 06:05:22 GMT" time="0.026" errors="0">
  <testcase name="read" time="0.026" classname="com.Testcases.Notepadread"/>
</testsuite> <!-- com.Testcases.Notepadread -->
